<?xml version="1.0" encoding="UTF-8"?>
<!-- Generated by org.testng.reporters.JUnitXMLReporter -->
<testsuite hostname="DESKTOP-N35UD1K" ignored="0" name="Default test" tests="5" failures="0" timestamp="19 Sep 2020 11:57:40 GMT" time="98.036" errors="0">
  <testcase name="testJSScript" time="5.041" classname="com.fullstack.batch3.AppTest"/>
  <testcase name="testNavigation" time="35.371" classname="com.fullstack.batch3.AppTest"/>
  <testcase name="testSwitches" time="10.927" classname="com.fullstack.batch3.AppTest"/>
  <testcase name="verifyTitle" time="4.193" classname="com.fullstack.batch3.AppTest"/>
  <testcase name="loginWithCorrectCredentials" time="11.011" classname="com.fullstack.batch3.AppTest"/>
</testsuite> <!-- Default test -->
