<?xml version="1.0" encoding="UTF-8"?>
<!-- Generated by org.testng.reporters.JUnitXMLReporter -->
<testsuite hostname="DESKTOP-N35UD1K" ignored="0" name="Web Tests" tests="5" failures="0" timestamp="19 Sep 2020 07:29:04 GMT" time="72.085" errors="0">
  <testcase name="testJSScript" time="5.104" classname="com.fullstack.batch3.AppTest"/>
  <testcase name="verifyTitle" time="9.602" classname="com.fullstack.batch3.AppTest"/>
  <testcase name="testSwitches" time="14.031" classname="com.fullstack.batch3.AppTest"/>
  <testcase name="testNavigation" time="42.905" classname="com.fullstack.batch3.AppTest"/>
  <testcase name="loginWithCorrectCredentials" time="9.562" classname="com.fullstack.batch3.AppTest"/>
</testsuite> <!-- Web Tests -->
